<?xml version="1.0" encoding="UTF-8"?>
<!-- Generated by org.testng.reporters.JUnitReportReporter -->
<testsuite hostname="Ansuman" failures="0" tests="1" name="vtigerLeadTests.CreateLeadTest" time="150.972" errors="0" timestamp="2024-01-20T11:56:21 IST" skipped="0">
  <testcase classname="vtigerLeadTests.CreateLeadTest" name="createLeadTest" time="150.972"/>
  <system-out/>
</testsuite> <!-- vtigerLeadTests.CreateLeadTest -->
