<?xml version="1.0" encoding="UTF-8"?>
<!-- Generated by org.testng.reporters.JUnitReportReporter -->
<testsuite hostname="Ansuman" failures="0" tests="1" name="vtigerLeadTests.CreateLead" time="11.597" errors="0" timestamp="2024-01-17T00:06:27 IST" skipped="0">
  <testcase classname="vtigerLeadTests.CreateLead" name="createLeadTest" time="11.597"/>
</testsuite> <!-- vtigerLeadTests.CreateLead -->
