<?xml version="1.0" encoding="UTF-8"?>
<!-- Generated by org.testng.reporters.JUnitReportReporter -->
<testsuite hostname="ASUS" failures="0" tests="1" name="orangeHRMS_TESTS.OrangeHRMTests" time="17.223" errors="0" timestamp="2023-11-27T23:34:32 IST" skipped="0">
  <testcase classname="orangeHRMS_TESTS.OrangeHRMTests" name="loginLogoutTest" time="17.223"/>
  <system-out/>
</testsuite> <!-- orangeHRMS_TESTS.OrangeHRMTests -->
