<?xml version="1.0" encoding="UTF-8"?>
<!-- Generated by org.testng.reporters.JUnitReportReporter -->
<testsuite hostname="Ansuman" failures="0" tests="1" name="vtigerLeadTests.CreateLeadTest" time="7.249" errors="0" timestamp="2024-01-22T00:13:04 IST" skipped="0">
  <testcase classname="vtigerLeadTests.CreateLeadTest" name="createLeadTest" time="7.249"/>
  <system-out/>
</testsuite> <!-- vtigerLeadTests.CreateLeadTest -->
