<?xml version="1.0" encoding="UTF-8"?>
<!-- Generated by org.testng.reporters.JUnitReportReporter -->
<testsuite hostname="Ansuman" failures="0" tests="1" name="neoTestcase.NeoLoginTest" time="17.488" errors="0" timestamp="2023-12-26T12:15:49 IST" skipped="0">
  <testcase classname="neoTestcase.NeoLoginTest" name="login" time="17.488"/>
  <system-out/>
</testsuite> <!-- neoTestcase.NeoLoginTest -->
